1700208425726 GET /
1700208428837 GET /test
1700208429671 GET /test
1700208456063 GET /test
1700208456845 GET /test
1700208459000 GET /
1700208528431 GET /
1700208530716 GET /123
1700208530829 GET /123
1700208694983 GET /123
1700208697227 GET /
1700208697515 GET /test
1700208700357 GET /
1700208717939 GET /
1700209102771 GET /
1700209107601 GET /
1700209113006 GET /123
1700209113604 GET /123
1700209117609 GET /
1700213165067 GET /
1700213171140 GET /test
1700213195387 GET /test
1700213212265 GET /
1700213217595 GET /test
1700213221102 GET /test2
1700213405326 POST /demo/uppload-img?cover-img
1700213428225 POST /demo/uppload-img
1700213434279 POST /demo/upload-img
1700213461198 POST /demo/upload-img
1700213601322 GET /public/img/demo.png
1700213637404 GET /public/img/demo.png
1700213664848 GET /public/img/demo.png
1700213665636 GET /public/img/demo.png
1700213775225 GET /public/img/demo.png
1700213813700 GET /public/img/demo.png
1700213814707 GET /public/img/demo.png
1700213815471 GET /public/img/demo.png
1700213816193 GET /public/img/demo.png
1700213817010 GET /public/img/demo.png
1700213817963 GET /public/img/demo.png
1700213836555 GET /public/img/demo.png
